c:\users\philipp\desktop\flightcontrols2xp_philipp_old - kopie\debug\vc120.pdb
c:\users\philipp\desktop\flightcontrols2xp_philipp_old - kopie\debug\vc120.idb
c:\users\philipp\desktop\flightcontrols2xp_philipp_old - kopie\debug\data.obj
c:\users\philipp\desktop\flightcontrols2xp_philipp_old - kopie\debug\flightcontrols2xp.obj
c:\users\philipp\desktop\flightcontrols2xp_philipp_old - kopie\debug\flightcontrols2xpwin.obj
c:\users\philipp\desktop\flightcontrols2xp_philipp_old - kopie\debug\guicon.obj
c:\users\philipp\desktop\flightcontrols2xp_philipp_old - kopie\debug\networkdatapool.obj
c:\users\philipp\desktop\flightcontrols2xp_philipp_old - kopie\debug\ds_boxefis1.obj
c:\users\philipp\desktop\flightcontrols2xp_philipp_old - kopie\debug\ds_boxefis2.obj
c:\users\philipp\desktop\flightcontrols2xp_philipp_old - kopie\debug\ds_boxoverheadhw.obj
c:\users\philipp\desktop\flightcontrols2xp_philipp_old - kopie\debug\ds_boxpedalbox1.obj
c:\users\philipp\desktop\flightcontrols2xp_philipp_old - kopie\debug\ds_boxpedalbox2.obj
c:\users\philipp\desktop\flightcontrols2xp_philipp_old - kopie\debug\ds_boxpedestal.obj
c:\users\philipp\desktop\flightcontrols2xp_philipp_old - kopie\debug\ds_boxrudtrim.obj
c:\users\philipp\desktop\flightcontrols2xp_philipp_old - kopie\debug\ds_boxstick2.obj
c:\users\philipp\desktop\flightcontrols2xp_philipp_old - kopie\debug\ds_boxfcu.obj
c:\users\philipp\desktop\flightcontrols2xp_philipp_old - kopie\debug\ds_myxplane.obj
c:\users\philipp\desktop\flightcontrols2xp_philipp_old - kopie\debug\ds_boxstick1.obj
c:\users\philipp\desktop\flightcontrols2xp_philipp_old - kopie\ausgabe\flightcontrols2xp.lib
c:\users\philipp\desktop\flightcontrols2xp_philipp_old - kopie\ausgabe\flightcontrols2xp.exp
c:\users\philipp\desktop\flightcontrols2xp_philipp_old - kopie\ausgabe\flightcontrols2xp.ilk
c:\users\philipp\desktop\flightcontrols2xp_philipp_old - kopie\ausgabe\flightcontrols2xp.xpl
c:\users\philipp\desktop\flightcontrols2xp_philipp_old - kopie\ausgabe\flightcontrols2xp.pdb
c:\users\philipp\desktop\flightcontrols2xp_philipp_old - kopie\debug\flightco.5624dfbd.tlog\cl.command.1.tlog
c:\users\philipp\desktop\flightcontrols2xp_philipp_old - kopie\debug\flightco.5624dfbd.tlog\cl.read.1.tlog
c:\users\philipp\desktop\flightcontrols2xp_philipp_old - kopie\debug\flightco.5624dfbd.tlog\cl.write.1.tlog
c:\users\philipp\desktop\flightcontrols2xp_philipp_old - kopie\debug\flightco.5624dfbd.tlog\flightcontrols2xp.write.1u.tlog
c:\users\philipp\desktop\flightcontrols2xp_philipp_old - kopie\debug\flightco.5624dfbd.tlog\link.command.1.tlog
c:\users\philipp\desktop\flightcontrols2xp_philipp_old - kopie\debug\flightco.5624dfbd.tlog\link.read.1.tlog
c:\users\philipp\desktop\flightcontrols2xp_philipp_old - kopie\debug\flightco.5624dfbd.tlog\link.write.1.tlog
