Der Buildvorgang wurde am 19.05.2015 17:12:40 gestartet.
     1>Projekt "C:\Users\philipp\Desktop\FlightControls2XP_philipp_old - Kopie\FlightControls2XP.vcxproj" auf Knoten "2", Rebuild Ziel(e).
     1>C:\Program Files (x86)\MSBuild\Microsoft.Cpp\v4.0\V120\Microsoft.CppBuild.targets(364,5): warning MSB8004: Output Directory does not end with a trailing slash.  This build instance will add the slash as it is required to allow proper evaluation of the Output Directory.
     1>ClCompile:
         C:\Program Files (x86)\Microsoft Visual Studio 12.0\VC\bin\CL.exe /c /IC:\XPSDK\SDK\CHeaders /IC:\includes\octopus /ZI /nologo /W3 /WX- /Od /Oy- /D IBM=1 /D _WINDLL /D _MBCS /Gm /EHsc /RTC1 /MT /GS /fp:precise /Zc:wchar_t /Zc:forScope /Fo"Debug\\" /Fd"Debug\vc120.pdb" /Gd /TP /analyze- /errorReport:prompt data.cpp FlightControls2XP.cpp FlightControls2XPWin.cpp guicon.cpp NetworkDatapool.cpp
         NetworkDatapool.cpp
     1>c:\users\philipp\desktop\flightcontrols2xp_philipp_old - kopie\networkdatapool.cpp(41): warning C4996: 'strcpy': This function or variable may be unsafe. Consider using strcpy_s instead. To disable deprecation, use _CRT_SECURE_NO_WARNINGS. See online help for details.
                 c:\program files (x86)\microsoft visual studio 12.0\vc\include\string.h(112): Siehe Deklaration von 'strcpy'
     1>c:\users\philipp\desktop\flightcontrols2xp_philipp_old - kopie\networkdatapool.cpp(42): warning C4996: 'strcpy': This function or variable may be unsafe. Consider using strcpy_s instead. To disable deprecation, use _CRT_SECURE_NO_WARNINGS. See online help for details.
                 c:\program files (x86)\microsoft visual studio 12.0\vc\include\string.h(112): Siehe Deklaration von 'strcpy'
     1>c:\users\philipp\desktop\flightcontrols2xp_philipp_old - kopie\networkdatapool.cpp(76): warning C4996: 'sprintf': This function or variable may be unsafe. Consider using sprintf_s instead. To disable deprecation, use _CRT_SECURE_NO_WARNINGS. See online help for details.
                 c:\program files (x86)\microsoft visual studio 12.0\vc\include\stdio.h(356): Siehe Deklaration von 'sprintf'
         guicon.cpp
         FlightControls2XPWin.cpp
         FlightControls2XP.cpp
     1>c:\users\philipp\desktop\flightcontrols2xp_philipp_old - kopie\flightcontrols2xp.cpp(11): warning C4996: 'strcpy': This function or variable may be unsafe. Consider using strcpy_s instead. To disable deprecation, use _CRT_SECURE_NO_WARNINGS. See online help for details.
                 c:\program files (x86)\microsoft visual studio 12.0\vc\include\string.h(112): Siehe Deklaration von 'strcpy'
     1>c:\users\philipp\desktop\flightcontrols2xp_philipp_old - kopie\flightcontrols2xp.cpp(12): warning C4996: 'strcpy': This function or variable may be unsafe. Consider using strcpy_s instead. To disable deprecation, use _CRT_SECURE_NO_WARNINGS. See online help for details.
                 c:\program files (x86)\microsoft visual studio 12.0\vc\include\string.h(112): Siehe Deklaration von 'strcpy'
     1>c:\users\philipp\desktop\flightcontrols2xp_philipp_old - kopie\flightcontrols2xp.cpp(13): warning C4996: 'strcpy': This function or variable may be unsafe. Consider using strcpy_s instead. To disable deprecation, use _CRT_SECURE_NO_WARNINGS. See online help for details.
                 c:\program files (x86)\microsoft visual studio 12.0\vc\include\string.h(112): Siehe Deklaration von 'strcpy'
     1>c:\users\philipp\desktop\flightcontrols2xp_philipp_old - kopie\flightcontrols2xp.cpp(188): warning C4305: 'Argument': Verkürzung von 'double' in 'float'
     1>c:\users\philipp\desktop\flightcontrols2xp_philipp_old - kopie\flightcontrols2xp.cpp(191): warning C4305: 'Argument': Verkürzung von 'double' in 'float'
     1>c:\users\philipp\desktop\flightcontrols2xp_philipp_old - kopie\flightcontrols2xp.cpp(194): warning C4305: 'Argument': Verkürzung von 'double' in 'float'
     1>c:\users\philipp\desktop\flightcontrols2xp_philipp_old - kopie\flightcontrols2xp.cpp(197): warning C4305: 'Argument': Verkürzung von 'double' in 'float'
     1>c:\users\philipp\desktop\flightcontrols2xp_philipp_old - kopie\flightcontrols2xp.cpp(238): warning C4244: 'Argument': Konvertierung von 'double' in 'float', möglicher Datenverlust
     1>c:\users\philipp\desktop\flightcontrols2xp_philipp_old - kopie\flightcontrols2xp.cpp(104): warning C4101: 'Ped1_left_brake_ratio': Unreferenzierte lokale Variable
     1>c:\users\philipp\desktop\flightcontrols2xp_philipp_old - kopie\flightcontrols2xp.cpp(107): warning C4101: 'Ped2_right_brake_ratio': Unreferenzierte lokale Variable
     1>c:\users\philipp\desktop\flightcontrols2xp_philipp_old - kopie\flightcontrols2xp.cpp(106): warning C4101: 'Ped2_left_brake_ratio': Unreferenzierte lokale Variable
     1>c:\users\philipp\desktop\flightcontrols2xp_philipp_old - kopie\flightcontrols2xp.cpp(105): warning C4101: 'Ped1_right_brake_ratio': Unreferenzierte lokale Variable
         data.cpp
         Code wird generiert...
         C:\Program Files (x86)\Microsoft Visual Studio 12.0\VC\bin\CL.exe /c /IC:\XPSDK\SDK\CHeaders /IC:\includes\octopus /ZI /nologo /W3 /WX- /Od /Oy- /D IBM=1 /D _WINDLL /D _MBCS /Gm /EHsc /RTC1 /MT /GS /fp:precise /Zc:wchar_t /Zc:forScope /Fo"Debug\\" /Fd"Debug\vc120.pdb" /Gd /TC /analyze- /errorReport:prompt ds_BoxEFIS1.c ds_BoxEFIS2.c ds_BoxOverheadHW.c ds_BoxPedalbox1.c ds_BoxPedalbox2.c ds_BoxPedestal.c ds_boxRudTrim.c ds_BoxStick2.c ds_BoxFCU.c ds_MyXPlane.c ds_BoxStick1.c
         ds_BoxStick1.c
     1>c:\users\philipp\desktop\flightcontrols2xp_philipp_old - kopie\ds_boxstick1.c(4): warning C4029: Deklarierte Liste formaler Parameter weicht von der Definition ab
     1>c:\users\philipp\desktop\flightcontrols2xp_philipp_old - kopie\ds_boxstick1.c(15): warning C4996: 'sprintf': This function or variable may be unsafe. Consider using sprintf_s instead. To disable deprecation, use _CRT_SECURE_NO_WARNINGS. See online help for details.
                 c:\program files (x86)\microsoft visual studio 12.0\vc\include\stdio.h(356): Siehe Deklaration von 'sprintf'
     1>c:\users\philipp\desktop\flightcontrols2xp_philipp_old - kopie\ds_boxstick1.c(24): warning C4996: 'sprintf': This function or variable may be unsafe. Consider using sprintf_s instead. To disable deprecation, use _CRT_SECURE_NO_WARNINGS. See online help for details.
                 c:\program files (x86)\microsoft visual studio 12.0\vc\include\stdio.h(356): Siehe Deklaration von 'sprintf'
     1>c:\users\philipp\desktop\flightcontrols2xp_philipp_old - kopie\ds_boxstick1.c(33): warning C4996: 'sprintf': This function or variable may be unsafe. Consider using sprintf_s instead. To disable deprecation, use _CRT_SECURE_NO_WARNINGS. See online help for details.
                 c:\program files (x86)\microsoft visual studio 12.0\vc\include\stdio.h(356): Siehe Deklaration von 'sprintf'
     1>c:\users\philipp\desktop\flightcontrols2xp_philipp_old - kopie\ds_boxstick1.c(42): warning C4996: 'sprintf': This function or variable may be unsafe. Consider using sprintf_s instead. To disable deprecation, use _CRT_SECURE_NO_WARNINGS. See online help for details.
                 c:\program files (x86)\microsoft visual studio 12.0\vc\include\stdio.h(356): Siehe Deklaration von 'sprintf'
         ds_MyXPlane.c
     1>c:\users\philipp\desktop\flightcontrols2xp_philipp_old - kopie\ds_myxplane.c(50): warning C4996: 'sprintf': This function or variable may be unsafe. Consider using sprintf_s instead. To disable deprecation, use _CRT_SECURE_NO_WARNINGS. See online help for details.
                 c:\program files (x86)\microsoft visual studio 12.0\vc\include\stdio.h(356): Siehe Deklaration von 'sprintf'
     1>c:\users\philipp\desktop\flightcontrols2xp_philipp_old - kopie\ds_myxplane.c(53): warning C4996: 'sprintf': This function or variable may be unsafe. Consider using sprintf_s instead. To disable deprecation, use _CRT_SECURE_NO_WARNINGS. See online help for details.
                 c:\program files (x86)\microsoft visual studio 12.0\vc\include\stdio.h(356): Siehe Deklaration von 'sprintf'
     1>c:\users\philipp\desktop\flightcontrols2xp_philipp_old - kopie\ds_myxplane.c(56): warning C4996: 'sprintf': This function or variable may be unsafe. Consider using sprintf_s instead. To disable deprecation, use _CRT_SECURE_NO_WARNINGS. See online help for details.
                 c:\program files (x86)\microsoft visual studio 12.0\vc\include\stdio.h(356): Siehe Deklaration von 'sprintf'
     1>c:\users\philipp\desktop\flightcontrols2xp_philipp_old - kopie\ds_myxplane.c(59): warning C4996: 'sprintf': This function or variable may be unsafe. Consider using sprintf_s instead. To disable deprecation, use _CRT_SECURE_NO_WARNINGS. See online help for details.
                 c:\program files (x86)\microsoft visual studio 12.0\vc\include\stdio.h(356): Siehe Deklaration von 'sprintf'
     1>c:\users\philipp\desktop\flightcontrols2xp_philipp_old - kopie\ds_myxplane.c(62): warning C4996: 'sprintf': This function or variable may be unsafe. Consider using sprintf_s instead. To disable deprecation, use _CRT_SECURE_NO_WARNINGS. See online help for details.
                 c:\program files (x86)\microsoft visual studio 12.0\vc\include\stdio.h(356): Siehe Deklaration von 'sprintf'
     1>c:\users\philipp\desktop\flightcontrols2xp_philipp_old - kopie\ds_myxplane.c(65): warning C4996: 'sprintf': This function or variable may be unsafe. Consider using sprintf_s instead. To disable deprecation, use _CRT_SECURE_NO_WARNINGS. See online help for details.
                 c:\program files (x86)\microsoft visual studio 12.0\vc\include\stdio.h(356): Siehe Deklaration von 'sprintf'
     1>c:\users\philipp\desktop\flightcontrols2xp_philipp_old - kopie\ds_myxplane.c(68): warning C4996: 'sprintf': This function or variable may be unsafe. Consider using sprintf_s instead. To disable deprecation, use _CRT_SECURE_NO_WARNINGS. See online help for details.
                 c:\program files (x86)\microsoft visual studio 12.0\vc\include\stdio.h(356): Siehe Deklaration von 'sprintf'
     1>c:\users\philipp\desktop\flightcontrols2xp_philipp_old - kopie\ds_myxplane.c(71): warning C4996: 'sprintf': This function or variable may be unsafe. Consider using sprintf_s instead. To disable deprecation, use _CRT_SECURE_NO_WARNINGS. See online help for details.
                 c:\program files (x86)\microsoft visual studio 12.0\vc\include\stdio.h(356): Siehe Deklaration von 'sprintf'
     1>c:\users\philipp\desktop\flightcontrols2xp_philipp_old - kopie\ds_myxplane.c(74): warning C4996: 'sprintf': This function or variable may be unsafe. Consider using sprintf_s instead. To disable deprecation, use _CRT_SECURE_NO_WARNINGS. See online help for details.
                 c:\program files (x86)\microsoft visual studio 12.0\vc\include\stdio.h(356): Siehe Deklaration von 'sprintf'
     1>c:\users\philipp\desktop\flightcontrols2xp_philipp_old - kopie\ds_myxplane.c(77): warning C4996: 'sprintf': This function or variable may be unsafe. Consider using sprintf_s instead. To disable deprecation, use _CRT_SECURE_NO_WARNINGS. See online help for details.
                 c:\program files (x86)\microsoft visual studio 12.0\vc\include\stdio.h(356): Siehe Deklaration von 'sprintf'
     1>c:\users\philipp\desktop\flightcontrols2xp_philipp_old - kopie\ds_myxplane.c(80): warning C4996: 'sprintf': This function or variable may be unsafe. Consider using sprintf_s instead. To disable deprecation, use _CRT_SECURE_NO_WARNINGS. See online help for details.
                 c:\program files (x86)\microsoft visual studio 12.0\vc\include\stdio.h(356): Siehe Deklaration von 'sprintf'
         ds_BoxFCU.c
     1>c:\users\philipp\desktop\flightcontrols2xp_philipp_old - kopie\ds_boxfcu.c(51): warning C4996: 'sprintf': This function or variable may be unsafe. Consider using sprintf_s instead. To disable deprecation, use _CRT_SECURE_NO_WARNINGS. See online help for details.
                 c:\program files (x86)\microsoft visual studio 12.0\vc\include\stdio.h(356): Siehe Deklaration von 'sprintf'
     1>c:\users\philipp\desktop\flightcontrols2xp_philipp_old - kopie\ds_boxfcu.c(52): warning C4996: 'sprintf': This function or variable may be unsafe. Consider using sprintf_s instead. To disable deprecation, use _CRT_SECURE_NO_WARNINGS. See online help for details.
                 c:\program files (x86)\microsoft visual studio 12.0\vc\include\stdio.h(356): Siehe Deklaration von 'sprintf'
     1>c:\users\philipp\desktop\flightcontrols2xp_philipp_old - kopie\ds_boxfcu.c(53): warning C4996: 'sprintf': This function or variable may be unsafe. Consider using sprintf_s instead. To disable deprecation, use _CRT_SECURE_NO_WARNINGS. See online help for details.
                 c:\program files (x86)\microsoft visual studio 12.0\vc\include\stdio.h(356): Siehe Deklaration von 'sprintf'
     1>c:\users\philipp\desktop\flightcontrols2xp_philipp_old - kopie\ds_boxfcu.c(54): warning C4996: 'sprintf': This function or variable may be unsafe. Consider using sprintf_s instead. To disable deprecation, use _CRT_SECURE_NO_WARNINGS. See online help for details.
                 c:\program files (x86)\microsoft visual studio 12.0\vc\include\stdio.h(356): Siehe Deklaration von 'sprintf'
     1>c:\users\philipp\desktop\flightcontrols2xp_philipp_old - kopie\ds_boxfcu.c(56): warning C4996: 'sprintf': This function or variable may be unsafe. Consider using sprintf_s instead. To disable deprecation, use _CRT_SECURE_NO_WARNINGS. See online help for details.
                 c:\program files (x86)\microsoft visual studio 12.0\vc\include\stdio.h(356): Siehe Deklaration von 'sprintf'
     1>c:\users\philipp\desktop\flightcontrols2xp_philipp_old - kopie\ds_boxfcu.c(57): warning C4996: 'sprintf': This function or variable may be unsafe. Consider using sprintf_s instead. To disable deprecation, use _CRT_SECURE_NO_WARNINGS. See online help for details.
                 c:\program files (x86)\microsoft visual studio 12.0\vc\include\stdio.h(356): Siehe Deklaration von 'sprintf'
     1>c:\users\philipp\desktop\flightcontrols2xp_philipp_old - kopie\ds_boxfcu.c(58): warning C4996: 'sprintf': This function or variable may be unsafe. Consider using sprintf_s instead. To disable deprecation, use _CRT_SECURE_NO_WARNINGS. See online help for details.
                 c:\program files (x86)\microsoft visual studio 12.0\vc\include\stdio.h(356): Siehe Deklaration von 'sprintf'
     1>c:\users\philipp\desktop\flightcontrols2xp_philipp_old - kopie\ds_boxfcu.c(59): warning C4996: 'sprintf': This function or variable may be unsafe. Consider using sprintf_s instead. To disable deprecation, use _CRT_SECURE_NO_WARNINGS. See online help for details.
                 c:\program files (x86)\microsoft visual studio 12.0\vc\include\stdio.h(356): Siehe Deklaration von 'sprintf'
     1>c:\users\philipp\desktop\flightcontrols2xp_philipp_old - kopie\ds_boxfcu.c(61): warning C4996: 'sprintf': This function or variable may be unsafe. Consider using sprintf_s instead. To disable deprecation, use _CRT_SECURE_NO_WARNINGS. See online help for details.
                 c:\program files (x86)\microsoft visual studio 12.0\vc\include\stdio.h(356): Siehe Deklaration von 'sprintf'
     1>c:\users\philipp\desktop\flightcontrols2xp_philipp_old - kopie\ds_boxfcu.c(62): warning C4996: 'sprintf': This function or variable may be unsafe. Consider using sprintf_s instead. To disable deprecation, use _CRT_SECURE_NO_WARNINGS. See online help for details.
                 c:\program files (x86)\microsoft visual studio 12.0\vc\include\stdio.h(356): Siehe Deklaration von 'sprintf'
     1>c:\users\philipp\desktop\flightcontrols2xp_philipp_old - kopie\ds_boxfcu.c(63): warning C4996: 'sprintf': This function or variable may be unsafe. Consider using sprintf_s instead. To disable deprecation, use _CRT_SECURE_NO_WARNINGS. See online help for details.
                 c:\program files (x86)\microsoft visual studio 12.0\vc\include\stdio.h(356): Siehe Deklaration von 'sprintf'
     1>c:\users\philipp\desktop\flightcontrols2xp_philipp_old - kopie\ds_boxfcu.c(64): warning C4996: 'sprintf': This function or variable may be unsafe. Consider using sprintf_s instead. To disable deprecation, use _CRT_SECURE_NO_WARNINGS. See online help for details.
                 c:\program files (x86)\microsoft visual studio 12.0\vc\include\stdio.h(356): Siehe Deklaration von 'sprintf'
     1>c:\users\philipp\desktop\flightcontrols2xp_philipp_old - kopie\ds_boxfcu.c(66): warning C4996: 'sprintf': This function or variable may be unsafe. Consider using sprintf_s instead. To disable deprecation, use _CRT_SECURE_NO_WARNINGS. See online help for details.
                 c:\program files (x86)\microsoft visual studio 12.0\vc\include\stdio.h(356): Siehe Deklaration von 'sprintf'
     1>c:\users\philipp\desktop\flightcontrols2xp_philipp_old - kopie\ds_boxfcu.c(67): warning C4996: 'sprintf': This function or variable may be unsafe. Consider using sprintf_s instead. To disable deprecation, use _CRT_SECURE_NO_WARNINGS. See online help for details.
                 c:\program files (x86)\microsoft visual studio 12.0\vc\include\stdio.h(356): Siehe Deklaration von 'sprintf'
     1>c:\users\philipp\desktop\flightcontrols2xp_philipp_old - kopie\ds_boxfcu.c(68): warning C4996: 'sprintf': This function or variable may be unsafe. Consider using sprintf_s instead. To disable deprecation, use _CRT_SECURE_NO_WARNINGS. See online help for details.
                 c:\program files (x86)\microsoft visual studio 12.0\vc\include\stdio.h(356): Siehe Deklaration von 'sprintf'
     1>c:\users\philipp\desktop\flightcontrols2xp_philipp_old - kopie\ds_boxfcu.c(70): warning C4996: 'sprintf': This function or variable may be unsafe. Consider using sprintf_s instead. To disable deprecation, use _CRT_SECURE_NO_WARNINGS. See online help for details.
                 c:\program files (x86)\microsoft visual studio 12.0\vc\include\stdio.h(356): Siehe Deklaration von 'sprintf'
     1>c:\users\philipp\desktop\flightcontrols2xp_philipp_old - kopie\ds_boxfcu.c(71): warning C4996: 'sprintf': This function or variable may be unsafe. Consider using sprintf_s instead. To disable deprecation, use _CRT_SECURE_NO_WARNINGS. See online help for details.
                 c:\program files (x86)\microsoft visual studio 12.0\vc\include\stdio.h(356): Siehe Deklaration von 'sprintf'
     1>c:\users\philipp\desktop\flightcontrols2xp_philipp_old - kopie\ds_boxfcu.c(72): warning C4996: 'sprintf': This function or variable may be unsafe. Consider using sprintf_s instead. To disable deprecation, use _CRT_SECURE_NO_WARNINGS. See online help for details.
                 c:\program files (x86)\microsoft visual studio 12.0\vc\include\stdio.h(356): Siehe Deklaration von 'sprintf'
     1>c:\users\philipp\desktop\flightcontrols2xp_philipp_old - kopie\ds_boxfcu.c(73): warning C4996: 'sprintf': This function or variable may be unsafe. Consider using sprintf_s instead. To disable deprecation, use _CRT_SECURE_NO_WARNINGS. See online help for details.
                 c:\program files (x86)\microsoft visual studio 12.0\vc\include\stdio.h(356): Siehe Deklaration von 'sprintf'
     1>c:\users\philipp\desktop\flightcontrols2xp_philipp_old - kopie\ds_boxfcu.c(74): warning C4996: 'sprintf': This function or variable may be unsafe. Consider using sprintf_s instead. To disable deprecation, use _CRT_SECURE_NO_WARNINGS. See online help for details.
                 c:\program files (x86)\microsoft visual studio 12.0\vc\include\stdio.h(356): Siehe Deklaration von 'sprintf'
     1>c:\users\philipp\desktop\flightcontrols2xp_philipp_old - kopie\ds_boxfcu.c(76): warning C4996: 'sprintf': This function or variable may be unsafe. Consider using sprintf_s instead. To disable deprecation, use _CRT_SECURE_NO_WARNINGS. See online help for details.
                 c:\program files (x86)\microsoft visual studio 12.0\vc\include\stdio.h(356): Siehe Deklaration von 'sprintf'
     1>c:\users\philipp\desktop\flightcontrols2xp_philipp_old - kopie\ds_boxfcu.c(77): warning C4996: 'sprintf': This function or variable may be unsafe. Consider using sprintf_s instead. To disable deprecation, use _CRT_SECURE_NO_WARNINGS. See online help for details.
                 c:\program files (x86)\microsoft visual studio 12.0\vc\include\stdio.h(356): Siehe Deklaration von 'sprintf'
     1>c:\users\philipp\desktop\flightcontrols2xp_philipp_old - kopie\ds_boxfcu.c(78): warning C4996: 'sprintf': This function or variable may be unsafe. Consider using sprintf_s instead. To disable deprecation, use _CRT_SECURE_NO_WARNINGS. See online help for details.
                 c:\program files (x86)\microsoft visual studio 12.0\vc\include\stdio.h(356): Siehe Deklaration von 'sprintf'
     1>c:\users\philipp\desktop\flightcontrols2xp_philipp_old - kopie\ds_boxfcu.c(79): warning C4996: 'sprintf': This function or variable may be unsafe. Consider using sprintf_s instead. To disable deprecation, use _CRT_SECURE_NO_WARNINGS. See online help for details.
                 c:\program files (x86)\microsoft visual studio 12.0\vc\include\stdio.h(356): Siehe Deklaration von 'sprintf'
     1>c:\users\philipp\desktop\flightcontrols2xp_philipp_old - kopie\ds_boxfcu.c(80): warning C4996: 'sprintf': This function or variable may be unsafe. Consider using sprintf_s instead. To disable deprecation, use _CRT_SECURE_NO_WARNINGS. See online help for details.
                 c:\program files (x86)\microsoft visual studio 12.0\vc\include\stdio.h(356): Siehe Deklaration von 'sprintf'
     1>c:\users\philipp\desktop\flightcontrols2xp_philipp_old - kopie\ds_boxfcu.c(81): warning C4996: 'sprintf': This function or variable may be unsafe. Consider using sprintf_s instead. To disable deprecation, use _CRT_SECURE_NO_WARNINGS. See online help for details.
                 c:\program files (x86)\microsoft visual studio 12.0\vc\include\stdio.h(356): Siehe Deklaration von 'sprintf'
     1>c:\users\philipp\desktop\flightcontrols2xp_philipp_old - kopie\ds_boxfcu.c(82): warning C4996: 'sprintf': This function or variable may be unsafe. Consider using sprintf_s instead. To disable deprecation, use _CRT_SECURE_NO_WARNINGS. See online help for details.
                 c:\program files (x86)\microsoft visual studio 12.0\vc\include\stdio.h(356): Siehe Deklaration von 'sprintf'
     1>c:\users\philipp\desktop\flightcontrols2xp_philipp_old - kopie\ds_boxfcu.c(83): warning C4996: 'sprintf': This function or variable may be unsafe. Consider using sprintf_s instead. To disable deprecation, use _CRT_SECURE_NO_WARNINGS. See online help for details.
                 c:\program files (x86)\microsoft visual studio 12.0\vc\include\stdio.h(356): Siehe Deklaration von 'sprintf'
     1>c:\users\philipp\desktop\flightcontrols2xp_philipp_old - kopie\ds_boxfcu.c(84): warning C4996: 'sprintf': This function or variable may be unsafe. Consider using sprintf_s instead. To disable deprecation, use _CRT_SECURE_NO_WARNINGS. See online help for details.
                 c:\program files (x86)\microsoft visual studio 12.0\vc\include\stdio.h(356): Siehe Deklaration von 'sprintf'
     1>c:\users\philipp\desktop\flightcontrols2xp_philipp_old - kopie\ds_boxfcu.c(86): warning C4996: 'sprintf': This function or variable may be unsafe. Consider using sprintf_s instead. To disable deprecation, use _CRT_SECURE_NO_WARNINGS. See online help for details.
                 c:\program files (x86)\microsoft visual studio 12.0\vc\include\stdio.h(356): Siehe Deklaration von 'sprintf'
         ds_BoxStick2.c
     1>c:\users\philipp\desktop\flightcontrols2xp_philipp_old - kopie\ds_boxstick2.c(4): warning C4029: Deklarierte Liste formaler Parameter weicht von der Definition ab
     1>c:\users\philipp\desktop\flightcontrols2xp_philipp_old - kopie\ds_boxstick2.c(15): warning C4996: 'sprintf': This function or variable may be unsafe. Consider using sprintf_s instead. To disable deprecation, use _CRT_SECURE_NO_WARNINGS. See online help for details.
                 c:\program files (x86)\microsoft visual studio 12.0\vc\include\stdio.h(356): Siehe Deklaration von 'sprintf'
     1>c:\users\philipp\desktop\flightcontrols2xp_philipp_old - kopie\ds_boxstick2.c(24): warning C4996: 'sprintf': This function or variable may be unsafe. Consider using sprintf_s instead. To disable deprecation, use _CRT_SECURE_NO_WARNINGS. See online help for details.
                 c:\program files (x86)\microsoft visual studio 12.0\vc\include\stdio.h(356): Siehe Deklaration von 'sprintf'
     1>c:\users\philipp\desktop\flightcontrols2xp_philipp_old - kopie\ds_boxstick2.c(33): warning C4996: 'sprintf': This function or variable may be unsafe. Consider using sprintf_s instead. To disable deprecation, use _CRT_SECURE_NO_WARNINGS. See online help for details.
                 c:\program files (x86)\microsoft visual studio 12.0\vc\include\stdio.h(356): Siehe Deklaration von 'sprintf'
     1>c:\users\philipp\desktop\flightcontrols2xp_philipp_old - kopie\ds_boxstick2.c(42): warning C4996: 'sprintf': This function or variable may be unsafe. Consider using sprintf_s instead. To disable deprecation, use _CRT_SECURE_NO_WARNINGS. See online help for details.
                 c:\program files (x86)\microsoft visual studio 12.0\vc\include\stdio.h(356): Siehe Deklaration von 'sprintf'
         ds_boxRudTrim.c
     1>c:\users\philipp\desktop\flightcontrols2xp_philipp_old - kopie\ds_boxrudtrim.c(11): warning C4996: 'sprintf': This function or variable may be unsafe. Consider using sprintf_s instead. To disable deprecation, use _CRT_SECURE_NO_WARNINGS. See online help for details.
                 c:\program files (x86)\microsoft visual studio 12.0\vc\include\stdio.h(356): Siehe Deklaration von 'sprintf'
     1>c:\users\philipp\desktop\flightcontrols2xp_philipp_old - kopie\ds_boxrudtrim.c(20): warning C4996: 'sprintf': This function or variable may be unsafe. Consider using sprintf_s instead. To disable deprecation, use _CRT_SECURE_NO_WARNINGS. See online help for details.
                 c:\program files (x86)\microsoft visual studio 12.0\vc\include\stdio.h(356): Siehe Deklaration von 'sprintf'
         ds_BoxPedestal.c
     1>c:\users\philipp\desktop\flightcontrols2xp_philipp_old - kopie\ds_boxpedestal.c(18): warning C4996: 'sprintf': This function or variable may be unsafe. Consider using sprintf_s instead. To disable deprecation, use _CRT_SECURE_NO_WARNINGS. See online help for details.
                 c:\program files (x86)\microsoft visual studio 12.0\vc\include\stdio.h(356): Siehe Deklaration von 'sprintf'
     1>c:\users\philipp\desktop\flightcontrols2xp_philipp_old - kopie\ds_boxpedestal.c(27): warning C4996: 'sprintf': This function or variable may be unsafe. Consider using sprintf_s instead. To disable deprecation, use _CRT_SECURE_NO_WARNINGS. See online help for details.
                 c:\program files (x86)\microsoft visual studio 12.0\vc\include\stdio.h(356): Siehe Deklaration von 'sprintf'
     1>c:\users\philipp\desktop\flightcontrols2xp_philipp_old - kopie\ds_boxpedestal.c(36): warning C4996: 'sprintf': This function or variable may be unsafe. Consider using sprintf_s instead. To disable deprecation, use _CRT_SECURE_NO_WARNINGS. See online help for details.
                 c:\program files (x86)\microsoft visual studio 12.0\vc\include\stdio.h(356): Siehe Deklaration von 'sprintf'
     1>c:\users\philipp\desktop\flightcontrols2xp_philipp_old - kopie\ds_boxpedestal.c(45): warning C4996: 'sprintf': This function or variable may be unsafe. Consider using sprintf_s instead. To disable deprecation, use _CRT_SECURE_NO_WARNINGS. See online help for details.
                 c:\program files (x86)\microsoft visual studio 12.0\vc\include\stdio.h(356): Siehe Deklaration von 'sprintf'
     1>c:\users\philipp\desktop\flightcontrols2xp_philipp_old - kopie\ds_boxpedestal.c(54): warning C4996: 'sprintf': This function or variable may be unsafe. Consider using sprintf_s instead. To disable deprecation, use _CRT_SECURE_NO_WARNINGS. See online help for details.
                 c:\program files (x86)\microsoft visual studio 12.0\vc\include\stdio.h(356): Siehe Deklaration von 'sprintf'
     1>c:\users\philipp\desktop\flightcontrols2xp_philipp_old - kopie\ds_boxpedestal.c(63): warning C4996: 'sprintf': This function or variable may be unsafe. Consider using sprintf_s instead. To disable deprecation, use _CRT_SECURE_NO_WARNINGS. See online help for details.
                 c:\program files (x86)\microsoft visual studio 12.0\vc\include\stdio.h(356): Siehe Deklaration von 'sprintf'
     1>c:\users\philipp\desktop\flightcontrols2xp_philipp_old - kopie\ds_boxpedestal.c(72): warning C4996: 'sprintf': This function or variable may be unsafe. Consider using sprintf_s instead. To disable deprecation, use _CRT_SECURE_NO_WARNINGS. See online help for details.
                 c:\program files (x86)\microsoft visual studio 12.0\vc\include\stdio.h(356): Siehe Deklaration von 'sprintf'
         ds_BoxPedalbox2.c
     1>c:\users\philipp\desktop\flightcontrols2xp_philipp_old - kopie\ds_boxpedalbox2.c(14): warning C4996: 'sprintf': This function or variable may be unsafe. Consider using sprintf_s instead. To disable deprecation, use _CRT_SECURE_NO_WARNINGS. See online help for details.
                 c:\program files (x86)\microsoft visual studio 12.0\vc\include\stdio.h(356): Siehe Deklaration von 'sprintf'
     1>c:\users\philipp\desktop\flightcontrols2xp_philipp_old - kopie\ds_boxpedalbox2.c(23): warning C4996: 'sprintf': This function or variable may be unsafe. Consider using sprintf_s instead. To disable deprecation, use _CRT_SECURE_NO_WARNINGS. See online help for details.
                 c:\program files (x86)\microsoft visual studio 12.0\vc\include\stdio.h(356): Siehe Deklaration von 'sprintf'
     1>c:\users\philipp\desktop\flightcontrols2xp_philipp_old - kopie\ds_boxpedalbox2.c(32): warning C4996: 'sprintf': This function or variable may be unsafe. Consider using sprintf_s instead. To disable deprecation, use _CRT_SECURE_NO_WARNINGS. See online help for details.
                 c:\program files (x86)\microsoft visual studio 12.0\vc\include\stdio.h(356): Siehe Deklaration von 'sprintf'
         ds_BoxPedalbox1.c
     1>c:\users\philipp\desktop\flightcontrols2xp_philipp_old - kopie\ds_boxpedalbox1.c(14): warning C4996: 'sprintf': This function or variable may be unsafe. Consider using sprintf_s instead. To disable deprecation, use _CRT_SECURE_NO_WARNINGS. See online help for details.
                 c:\program files (x86)\microsoft visual studio 12.0\vc\include\stdio.h(356): Siehe Deklaration von 'sprintf'
     1>c:\users\philipp\desktop\flightcontrols2xp_philipp_old - kopie\ds_boxpedalbox1.c(23): warning C4996: 'sprintf': This function or variable may be unsafe. Consider using sprintf_s instead. To disable deprecation, use _CRT_SECURE_NO_WARNINGS. See online help for details.
                 c:\program files (x86)\microsoft visual studio 12.0\vc\include\stdio.h(356): Siehe Deklaration von 'sprintf'
     1>c:\users\philipp\desktop\flightcontrols2xp_philipp_old - kopie\ds_boxpedalbox1.c(32): warning C4996: 'sprintf': This function or variable may be unsafe. Consider using sprintf_s instead. To disable deprecation, use _CRT_SECURE_NO_WARNINGS. See online help for details.
                 c:\program files (x86)\microsoft visual studio 12.0\vc\include\stdio.h(356): Siehe Deklaration von 'sprintf'
         ds_BoxOverheadHW.c
     1>c:\users\philipp\desktop\flightcontrols2xp_philipp_old - kopie\ds_boxoverheadhw.c(26): warning C4996: 'sprintf': This function or variable may be unsafe. Consider using sprintf_s instead. To disable deprecation, use _CRT_SECURE_NO_WARNINGS. See online help for details.
                 c:\program files (x86)\microsoft visual studio 12.0\vc\include\stdio.h(356): Siehe Deklaration von 'sprintf'
     1>c:\users\philipp\desktop\flightcontrols2xp_philipp_old - kopie\ds_boxoverheadhw.c(35): warning C4996: 'sprintf': This function or variable may be unsafe. Consider using sprintf_s instead. To disable deprecation, use _CRT_SECURE_NO_WARNINGS. See online help for details.
                 c:\program files (x86)\microsoft visual studio 12.0\vc\include\stdio.h(356): Siehe Deklaration von 'sprintf'
     1>c:\users\philipp\desktop\flightcontrols2xp_philipp_old - kopie\ds_boxoverheadhw.c(44): warning C4996: 'sprintf': This function or variable may be unsafe. Consider using sprintf_s instead. To disable deprecation, use _CRT_SECURE_NO_WARNINGS. See online help for details.
                 c:\program files (x86)\microsoft visual studio 12.0\vc\include\stdio.h(356): Siehe Deklaration von 'sprintf'
     1>c:\users\philipp\desktop\flightcontrols2xp_philipp_old - kopie\ds_boxoverheadhw.c(53): warning C4996: 'sprintf': This function or variable may be unsafe. Consider using sprintf_s instead. To disable deprecation, use _CRT_SECURE_NO_WARNINGS. See online help for details.
                 c:\program files (x86)\microsoft visual studio 12.0\vc\include\stdio.h(356): Siehe Deklaration von 'sprintf'
     1>c:\users\philipp\desktop\flightcontrols2xp_philipp_old - kopie\ds_boxoverheadhw.c(62): warning C4996: 'sprintf': This function or variable may be unsafe. Consider using sprintf_s instead. To disable deprecation, use _CRT_SECURE_NO_WARNINGS. See online help for details.
                 c:\program files (x86)\microsoft visual studio 12.0\vc\include\stdio.h(356): Siehe Deklaration von 'sprintf'
     1>c:\users\philipp\desktop\flightcontrols2xp_philipp_old - kopie\ds_boxoverheadhw.c(71): warning C4996: 'sprintf': This function or variable may be unsafe. Consider using sprintf_s instead. To disable deprecation, use _CRT_SECURE_NO_WARNINGS. See online help for details.
                 c:\program files (x86)\microsoft visual studio 12.0\vc\include\stdio.h(356): Siehe Deklaration von 'sprintf'
     1>c:\users\philipp\desktop\flightcontrols2xp_philipp_old - kopie\ds_boxoverheadhw.c(80): warning C4996: 'sprintf': This function or variable may be unsafe. Consider using sprintf_s instead. To disable deprecation, use _CRT_SECURE_NO_WARNINGS. See online help for details.
                 c:\program files (x86)\microsoft visual studio 12.0\vc\include\stdio.h(356): Siehe Deklaration von 'sprintf'
     1>c:\users\philipp\desktop\flightcontrols2xp_philipp_old - kopie\ds_boxoverheadhw.c(89): warning C4996: 'sprintf': This function or variable may be unsafe. Consider using sprintf_s instead. To disable deprecation, use _CRT_SECURE_NO_WARNINGS. See online help for details.
                 c:\program files (x86)\microsoft visual studio 12.0\vc\include\stdio.h(356): Siehe Deklaration von 'sprintf'
     1>c:\users\philipp\desktop\flightcontrols2xp_philipp_old - kopie\ds_boxoverheadhw.c(98): warning C4996: 'sprintf': This function or variable may be unsafe. Consider using sprintf_s instead. To disable deprecation, use _CRT_SECURE_NO_WARNINGS. See online help for details.
                 c:\program files (x86)\microsoft visual studio 12.0\vc\include\stdio.h(356): Siehe Deklaration von 'sprintf'
     1>c:\users\philipp\desktop\flightcontrols2xp_philipp_old - kopie\ds_boxoverheadhw.c(107): warning C4996: 'sprintf': This function or variable may be unsafe. Consider using sprintf_s instead. To disable deprecation, use _CRT_SECURE_NO_WARNINGS. See online help for details.
                 c:\program files (x86)\microsoft visual studio 12.0\vc\include\stdio.h(356): Siehe Deklaration von 'sprintf'
     1>c:\users\philipp\desktop\flightcontrols2xp_philipp_old - kopie\ds_boxoverheadhw.c(116): warning C4996: 'sprintf': This function or variable may be unsafe. Consider using sprintf_s instead. To disable deprecation, use _CRT_SECURE_NO_WARNINGS. See online help for details.
                 c:\program files (x86)\microsoft visual studio 12.0\vc\include\stdio.h(356): Siehe Deklaration von 'sprintf'
     1>c:\users\philipp\desktop\flightcontrols2xp_philipp_old - kopie\ds_boxoverheadhw.c(125): warning C4996: 'sprintf': This function or variable may be unsafe. Consider using sprintf_s instead. To disable deprecation, use _CRT_SECURE_NO_WARNINGS. See online help for details.
                 c:\program files (x86)\microsoft visual studio 12.0\vc\include\stdio.h(356): Siehe Deklaration von 'sprintf'
     1>c:\users\philipp\desktop\flightcontrols2xp_philipp_old - kopie\ds_boxoverheadhw.c(134): warning C4996: 'sprintf': This function or variable may be unsafe. Consider using sprintf_s instead. To disable deprecation, use _CRT_SECURE_NO_WARNINGS. See online help for details.
                 c:\program files (x86)\microsoft visual studio 12.0\vc\include\stdio.h(356): Siehe Deklaration von 'sprintf'
     1>c:\users\philipp\desktop\flightcontrols2xp_philipp_old - kopie\ds_boxoverheadhw.c(143): warning C4996: 'sprintf': This function or variable may be unsafe. Consider using sprintf_s instead. To disable deprecation, use _CRT_SECURE_NO_WARNINGS. See online help for details.
                 c:\program files (x86)\microsoft visual studio 12.0\vc\include\stdio.h(356): Siehe Deklaration von 'sprintf'
         ds_BoxEFIS2.c
     1>c:\users\philipp\desktop\flightcontrols2xp_philipp_old - kopie\ds_boxefis2.c(28): warning C4996: 'sprintf': This function or variable may be unsafe. Consider using sprintf_s instead. To disable deprecation, use _CRT_SECURE_NO_WARNINGS. See online help for details.
                 c:\program files (x86)\microsoft visual studio 12.0\vc\include\stdio.h(356): Siehe Deklaration von 'sprintf'
     1>c:\users\philipp\desktop\flightcontrols2xp_philipp_old - kopie\ds_boxefis2.c(29): warning C4996: 'sprintf': This function or variable may be unsafe. Consider using sprintf_s instead. To disable deprecation, use _CRT_SECURE_NO_WARNINGS. See online help for details.
                 c:\program files (x86)\microsoft visual studio 12.0\vc\include\stdio.h(356): Siehe Deklaration von 'sprintf'
     1>c:\users\philipp\desktop\flightcontrols2xp_philipp_old - kopie\ds_boxefis2.c(30): warning C4996: 'sprintf': This function or variable may be unsafe. Consider using sprintf_s instead. To disable deprecation, use _CRT_SECURE_NO_WARNINGS. See online help for details.
                 c:\program files (x86)\microsoft visual studio 12.0\vc\include\stdio.h(356): Siehe Deklaration von 'sprintf'
     1>c:\users\philipp\desktop\flightcontrols2xp_philipp_old - kopie\ds_boxefis2.c(31): warning C4996: 'sprintf': This function or variable may be unsafe. Consider using sprintf_s instead. To disable deprecation, use _CRT_SECURE_NO_WARNINGS. See online help for details.
                 c:\program files (x86)\microsoft visual studio 12.0\vc\include\stdio.h(356): Siehe Deklaration von 'sprintf'
     1>c:\users\philipp\desktop\flightcontrols2xp_philipp_old - kopie\ds_boxefis2.c(32): warning C4996: 'sprintf': This function or variable may be unsafe. Consider using sprintf_s instead. To disable deprecation, use _CRT_SECURE_NO_WARNINGS. See online help for details.
                 c:\program files (x86)\microsoft visual studio 12.0\vc\include\stdio.h(356): Siehe Deklaration von 'sprintf'
     1>c:\users\philipp\desktop\flightcontrols2xp_philipp_old - kopie\ds_boxefis2.c(33): warning C4996: 'sprintf': This function or variable may be unsafe. Consider using sprintf_s instead. To disable deprecation, use _CRT_SECURE_NO_WARNINGS. See online help for details.
                 c:\program files (x86)\microsoft visual studio 12.0\vc\include\stdio.h(356): Siehe Deklaration von 'sprintf'
     1>c:\users\philipp\desktop\flightcontrols2xp_philipp_old - kopie\ds_boxefis2.c(34): warning C4996: 'sprintf': This function or variable may be unsafe. Consider using sprintf_s instead. To disable deprecation, use _CRT_SECURE_NO_WARNINGS. See online help for details.
                 c:\program files (x86)\microsoft visual studio 12.0\vc\include\stdio.h(356): Siehe Deklaration von 'sprintf'
     1>c:\users\philipp\desktop\flightcontrols2xp_philipp_old - kopie\ds_boxefis2.c(35): warning C4996: 'sprintf': This function or variable may be unsafe. Consider using sprintf_s instead. To disable deprecation, use _CRT_SECURE_NO_WARNINGS. See online help for details.
                 c:\program files (x86)\microsoft visual studio 12.0\vc\include\stdio.h(356): Siehe Deklaration von 'sprintf'
     1>c:\users\philipp\desktop\flightcontrols2xp_philipp_old - kopie\ds_boxefis2.c(36): warning C4996: 'sprintf': This function or variable may be unsafe. Consider using sprintf_s instead. To disable deprecation, use _CRT_SECURE_NO_WARNINGS. See online help for details.
                 c:\program files (x86)\microsoft visual studio 12.0\vc\include\stdio.h(356): Siehe Deklaration von 'sprintf'
     1>c:\users\philipp\desktop\flightcontrols2xp_philipp_old - kopie\ds_boxefis2.c(37): warning C4996: 'sprintf': This function or variable may be unsafe. Consider using sprintf_s instead. To disable deprecation, use _CRT_SECURE_NO_WARNINGS. See online help for details.
                 c:\program files (x86)\microsoft visual studio 12.0\vc\include\stdio.h(356): Siehe Deklaration von 'sprintf'
     1>c:\users\philipp\desktop\flightcontrols2xp_philipp_old - kopie\ds_boxefis2.c(38): warning C4996: 'sprintf': This function or variable may be unsafe. Consider using sprintf_s instead. To disable deprecation, use _CRT_SECURE_NO_WARNINGS. See online help for details.
                 c:\program files (x86)\microsoft visual studio 12.0\vc\include\stdio.h(356): Siehe Deklaration von 'sprintf'
     1>c:\users\philipp\desktop\flightcontrols2xp_philipp_old - kopie\ds_boxefis2.c(39): warning C4996: 'sprintf': This function or variable may be unsafe. Consider using sprintf_s instead. To disable deprecation, use _CRT_SECURE_NO_WARNINGS. See online help for details.
                 c:\program files (x86)\microsoft visual studio 12.0\vc\include\stdio.h(356): Siehe Deklaration von 'sprintf'
     1>c:\users\philipp\desktop\flightcontrols2xp_philipp_old - kopie\ds_boxefis2.c(40): warning C4996: 'sprintf': This function or variable may be unsafe. Consider using sprintf_s instead. To disable deprecation, use _CRT_SECURE_NO_WARNINGS. See online help for details.
                 c:\program files (x86)\microsoft visual studio 12.0\vc\include\stdio.h(356): Siehe Deklaration von 'sprintf'
     1>c:\users\philipp\desktop\flightcontrols2xp_philipp_old - kopie\ds_boxefis2.c(41): warning C4996: 'sprintf': This function or variable may be unsafe. Consider using sprintf_s instead. To disable deprecation, use _CRT_SECURE_NO_WARNINGS. See online help for details.
                 c:\program files (x86)\microsoft visual studio 12.0\vc\include\stdio.h(356): Siehe Deklaration von 'sprintf'
     1>c:\users\philipp\desktop\flightcontrols2xp_philipp_old - kopie\ds_boxefis2.c(42): warning C4996: 'sprintf': This function or variable may be unsafe. Consider using sprintf_s instead. To disable deprecation, use _CRT_SECURE_NO_WARNINGS. See online help for details.
                 c:\program files (x86)\microsoft visual studio 12.0\vc\include\stdio.h(356): Siehe Deklaration von 'sprintf'
     1>c:\users\philipp\desktop\flightcontrols2xp_philipp_old - kopie\ds_boxefis2.c(43): warning C4996: 'sprintf': This function or variable may be unsafe. Consider using sprintf_s instead. To disable deprecation, use _CRT_SECURE_NO_WARNINGS. See online help for details.
                 c:\program files (x86)\microsoft visual studio 12.0\vc\include\stdio.h(356): Siehe Deklaration von 'sprintf'
         ds_BoxEFIS1.c
     1>c:\users\philipp\desktop\flightcontrols2xp_philipp_old - kopie\ds_boxefis1.c(28): warning C4996: 'sprintf': This function or variable may be unsafe. Consider using sprintf_s instead. To disable deprecation, use _CRT_SECURE_NO_WARNINGS. See online help for details.
                 c:\program files (x86)\microsoft visual studio 12.0\vc\include\stdio.h(356): Siehe Deklaration von 'sprintf'
     1>c:\users\philipp\desktop\flightcontrols2xp_philipp_old - kopie\ds_boxefis1.c(29): warning C4996: 'sprintf': This function or variable may be unsafe. Consider using sprintf_s instead. To disable deprecation, use _CRT_SECURE_NO_WARNINGS. See online help for details.
                 c:\program files (x86)\microsoft visual studio 12.0\vc\include\stdio.h(356): Siehe Deklaration von 'sprintf'
     1>c:\users\philipp\desktop\flightcontrols2xp_philipp_old - kopie\ds_boxefis1.c(30): warning C4996: 'sprintf': This function or variable may be unsafe. Consider using sprintf_s instead. To disable deprecation, use _CRT_SECURE_NO_WARNINGS. See online help for details.
                 c:\program files (x86)\microsoft visual studio 12.0\vc\include\stdio.h(356): Siehe Deklaration von 'sprintf'
     1>c:\users\philipp\desktop\flightcontrols2xp_philipp_old - kopie\ds_boxefis1.c(31): warning C4996: 'sprintf': This function or variable may be unsafe. Consider using sprintf_s instead. To disable deprecation, use _CRT_SECURE_NO_WARNINGS. See online help for details.
                 c:\program files (x86)\microsoft visual studio 12.0\vc\include\stdio.h(356): Siehe Deklaration von 'sprintf'
     1>c:\users\philipp\desktop\flightcontrols2xp_philipp_old - kopie\ds_boxefis1.c(32): warning C4996: 'sprintf': This function or variable may be unsafe. Consider using sprintf_s instead. To disable deprecation, use _CRT_SECURE_NO_WARNINGS. See online help for details.
                 c:\program files (x86)\microsoft visual studio 12.0\vc\include\stdio.h(356): Siehe Deklaration von 'sprintf'
     1>c:\users\philipp\desktop\flightcontrols2xp_philipp_old - kopie\ds_boxefis1.c(33): warning C4996: 'sprintf': This function or variable may be unsafe. Consider using sprintf_s instead. To disable deprecation, use _CRT_SECURE_NO_WARNINGS. See online help for details.
                 c:\program files (x86)\microsoft visual studio 12.0\vc\include\stdio.h(356): Siehe Deklaration von 'sprintf'
     1>c:\users\philipp\desktop\flightcontrols2xp_philipp_old - kopie\ds_boxefis1.c(34): warning C4996: 'sprintf': This function or variable may be unsafe. Consider using sprintf_s instead. To disable deprecation, use _CRT_SECURE_NO_WARNINGS. See online help for details.
                 c:\program files (x86)\microsoft visual studio 12.0\vc\include\stdio.h(356): Siehe Deklaration von 'sprintf'
     1>c:\users\philipp\desktop\flightcontrols2xp_philipp_old - kopie\ds_boxefis1.c(35): warning C4996: 'sprintf': This function or variable may be unsafe. Consider using sprintf_s instead. To disable deprecation, use _CRT_SECURE_NO_WARNINGS. See online help for details.
                 c:\program files (x86)\microsoft visual studio 12.0\vc\include\stdio.h(356): Siehe Deklaration von 'sprintf'
     1>c:\users\philipp\desktop\flightcontrols2xp_philipp_old - kopie\ds_boxefis1.c(36): warning C4996: 'sprintf': This function or variable may be unsafe. Consider using sprintf_s instead. To disable deprecation, use _CRT_SECURE_NO_WARNINGS. See online help for details.
                 c:\program files (x86)\microsoft visual studio 12.0\vc\include\stdio.h(356): Siehe Deklaration von 'sprintf'
     1>c:\users\philipp\desktop\flightcontrols2xp_philipp_old - kopie\ds_boxefis1.c(37): warning C4996: 'sprintf': This function or variable may be unsafe. Consider using sprintf_s instead. To disable deprecation, use _CRT_SECURE_NO_WARNINGS. See online help for details.
                 c:\program files (x86)\microsoft visual studio 12.0\vc\include\stdio.h(356): Siehe Deklaration von 'sprintf'
     1>c:\users\philipp\desktop\flightcontrols2xp_philipp_old - kopie\ds_boxefis1.c(38): warning C4996: 'sprintf': This function or variable may be unsafe. Consider using sprintf_s instead. To disable deprecation, use _CRT_SECURE_NO_WARNINGS. See online help for details.
                 c:\program files (x86)\microsoft visual studio 12.0\vc\include\stdio.h(356): Siehe Deklaration von 'sprintf'
     1>c:\users\philipp\desktop\flightcontrols2xp_philipp_old - kopie\ds_boxefis1.c(39): warning C4996: 'sprintf': This function or variable may be unsafe. Consider using sprintf_s instead. To disable deprecation, use _CRT_SECURE_NO_WARNINGS. See online help for details.
                 c:\program files (x86)\microsoft visual studio 12.0\vc\include\stdio.h(356): Siehe Deklaration von 'sprintf'
     1>c:\users\philipp\desktop\flightcontrols2xp_philipp_old - kopie\ds_boxefis1.c(40): warning C4996: 'sprintf': This function or variable may be unsafe. Consider using sprintf_s instead. To disable deprecation, use _CRT_SECURE_NO_WARNINGS. See online help for details.
                 c:\program files (x86)\microsoft visual studio 12.0\vc\include\stdio.h(356): Siehe Deklaration von 'sprintf'
     1>c:\users\philipp\desktop\flightcontrols2xp_philipp_old - kopie\ds_boxefis1.c(41): warning C4996: 'sprintf': This function or variable may be unsafe. Consider using sprintf_s instead. To disable deprecation, use _CRT_SECURE_NO_WARNINGS. See online help for details.
                 c:\program files (x86)\microsoft visual studio 12.0\vc\include\stdio.h(356): Siehe Deklaration von 'sprintf'
     1>c:\users\philipp\desktop\flightcontrols2xp_philipp_old - kopie\ds_boxefis1.c(42): warning C4996: 'sprintf': This function or variable may be unsafe. Consider using sprintf_s instead. To disable deprecation, use _CRT_SECURE_NO_WARNINGS. See online help for details.
                 c:\program files (x86)\microsoft visual studio 12.0\vc\include\stdio.h(356): Siehe Deklaration von 'sprintf'
     1>c:\users\philipp\desktop\flightcontrols2xp_philipp_old - kopie\ds_boxefis1.c(43): warning C4996: 'sprintf': This function or variable may be unsafe. Consider using sprintf_s instead. To disable deprecation, use _CRT_SECURE_NO_WARNINGS. See online help for details.
                 c:\program files (x86)\microsoft visual studio 12.0\vc\include\stdio.h(356): Siehe Deklaration von 'sprintf'
         Code wird generiert...
     1>c:\users\philipp\desktop\flightcontrols2xp_philipp_old - kopie\ds_boxefis1.c(185): warning C4715: "ds_initialize_EFIS_1": Nicht alle Steuerelementpfade geben einen Wert zurück.
     1>c:\users\philipp\desktop\flightcontrols2xp_philipp_old - kopie\ds_boxefis2.c(186): warning C4715: "ds_initialize_EFIS_2": Nicht alle Steuerelementpfade geben einen Wert zurück.
     1>c:\users\philipp\desktop\flightcontrols2xp_philipp_old - kopie\ds_boxfcu.c(359): warning C4715: "ds_initialize_FCU": Nicht alle Steuerelementpfade geben einen Wert zurück.
     1>C:\Program Files (x86)\MSBuild\Microsoft.Cpp\v4.0\V120\Microsoft.CppBuild.targets(1193,5): warning MSB8012: TargetPath(C:\Users\philipp\Desktop\FlightControls2XP_philipp_old - Kopie\.\Ausgabe\FlightControls2XP.dll) does not match the Linker's OutputFile property value (C:\Users\philipp\Desktop\FlightControls2XP_philipp_old - Kopie\Ausgabe\FlightControls2XP.xpl). This may cause your project to build incorrectly. To correct this, please make sure that $(OutDir), $(TargetName) and $(TargetExt) property values match the value specified in %(Link.OutputFile).
     1>C:\Program Files (x86)\MSBuild\Microsoft.Cpp\v4.0\V120\Microsoft.CppBuild.targets(1194,5): warning MSB8012: TargetExt(.dll) does not match the Linker's OutputFile property value (.xpl). This may cause your project to build incorrectly. To correct this, please make sure that $(OutDir), $(TargetName) and $(TargetExt) property values match the value specified in %(Link.OutputFile).
       Link:
         C:\Program Files (x86)\Microsoft Visual Studio 12.0\VC\bin\link.exe /ERRORREPORT:PROMPT /OUT:".\Ausgabe\FlightControls2XP.xpl" /INCREMENTAL /NOLOGO /LIBPATH:C:\XPSDK\SDK\Libraries\Win /ALLOWBIND:NO XPLM.lib XPWidgets.lib comm.lib kernel32.lib user32.lib gdi32.lib winspool.lib comdlg32.lib advapi32.lib shell32.lib ole32.lib oleaut32.lib uuid.lib odbc32.lib odbccp32.lib /MANIFEST /MANIFESTUAC:"level='asInvoker' uiAccess='false'" /manifest:embed /DEBUG /PDB:".\Ausgabe\FlightControls2XP.pdb" /TLBID:1 /DYNAMICBASE /NXCOMPAT /IMPLIB:".\Ausgabe\FlightControls2XP.lib" /MACHINE:X86 /DLL Debug\data.obj
         Debug\ds_BoxEFIS1.obj
         Debug\ds_BoxEFIS2.obj
         Debug\ds_BoxOverheadHW.obj
         Debug\ds_BoxPedalbox1.obj
         Debug\ds_BoxPedalbox2.obj
         Debug\ds_BoxPedestal.obj
         Debug\ds_boxRudTrim.obj
         Debug\ds_BoxStick2.obj
         Debug\ds_BoxFCU.obj
         Debug\ds_MyXPlane.obj
         Debug\FlightControls2XP.obj
         Debug\FlightControls2XPWin.obj
         Debug\guicon.obj
         Debug\NetworkDatapool.obj
         Debug\ds_BoxStick1.obj
            Bibliothek ".\Ausgabe\FlightControls2XP.lib" und Objekt ".\Ausgabe\FlightControls2XP.exp" werden erstellt.
         FlightControls2XP.vcxproj -> C:\Users\philipp\Desktop\FlightControls2XP_philipp_old - Kopie\.\Ausgabe\FlightControls2XP.dll
     1>Die Erstellung des Projekts "C:\Users\philipp\Desktop\FlightControls2XP_philipp_old - Kopie\FlightControls2XP.vcxproj" ist abgeschlossen, Rebuild Ziel(e).

Build erfolgreich.

Verstrichene Zeit 00:00:03.89
